0 info it worked if it ends with ok
1 verbose cli [ '/usr/local/Cellar/node/6.3.0/bin/node',
1 verbose cli   '/usr/local/bin/npm',
1 verbose cli   'install' ]
2 info using npm@2.15.8
3 info using node@v6.3.0
4 verbose readDependencies loading dependencies from /Users/jankiewicz/projects/ankiewicz/package.json
5 verbose install where, deps [ '/Users/jankiewicz/projects/ankiewicz',
5 verbose install   [ 'babel-polyfill',
5 verbose install     'chalk',
5 verbose install     'compression',
5 verbose install     'cross-env',
5 verbose install     'express',
5 verbose install     'fontfaceobserver',
5 verbose install     'immutable',
5 verbose install     'intl',
5 verbose install     'invariant',
5 verbose install     'ip',
5 verbose install     'lodash',
5 verbose install     'minimist',
5 verbose install     'react',
5 verbose install     'react-dom',
5 verbose install     'react-helmet',
5 verbose install     'react-intl',
5 verbose install     'react-redux',
5 verbose install     'react-router',
5 verbose install     'react-router-redux',
5 verbose install     'react-router-scroll',
5 verbose install     'redux',
5 verbose install     'redux-immutable',
5 verbose install     'redux-saga',
5 verbose install     'reselect',
5 verbose install     'sanitize.css',
5 verbose install     'styled-components',
5 verbose install     'warning',
5 verbose install     'whatwg-fetch',
5 verbose install     'babel-cli',
5 verbose install     'babel-core',
5 verbose install     'babel-eslint',
5 verbose install     'babel-loader',
5 verbose install     'babel-plugin-istanbul',
5 verbose install     'babel-plugin-react-intl',
5 verbose install     'babel-plugin-react-transform',
5 verbose install     'babel-plugin-transform-react-constant-elements',
5 verbose install     'babel-plugin-transform-react-inline-elements',
5 verbose install     'babel-plugin-transform-react-remove-prop-types',
5 verbose install     'babel-preset-latest',
5 verbose install     'babel-preset-react',
5 verbose install     'babel-preset-react-hmre',
5 verbose install     'babel-preset-stage-0',
5 verbose install     'chai',
5 verbose install     'chai-enzyme',
5 verbose install     'cheerio',
5 verbose install     'coveralls',
5 verbose install     'css-loader',
5 verbose install     'enzyme',
5 verbose install     'eslint',
5 verbose install     'eslint-config-airbnb',
5 verbose install     'eslint-config-airbnb-base',
5 verbose install     'eslint-import-resolver-webpack',
5 verbose install     'eslint-plugin-import',
5 verbose install     'eslint-plugin-jsx-a11y',
5 verbose install     'eslint-plugin-react',
5 verbose install     'eslint-plugin-redux-saga',
5 verbose install     'eventsource-polyfill',
5 verbose install     'expect',
5 verbose install     'expect-jsx',
5 verbose install     'exports-loader',
5 verbose install     'file-loader',
5 verbose install     'html-loader',
5 verbose install     'html-webpack-plugin',
5 verbose install     'image-webpack-loader',
5 verbose install     'imports-loader',
5 verbose install     'json-loader',
5 verbose install     'karma',
5 verbose install     'karma-chrome-launcher',
5 verbose install     'karma-coverage',
5 verbose install     'karma-firefox-launcher',
5 verbose install     'karma-ie-launcher',
5 verbose install     'karma-mocha',
5 verbose install     'karma-mocha-reporter',
5 verbose install     'karma-safari-launcher',
5 verbose install     'karma-sourcemap-loader',
5 verbose install     'karma-webpack',
5 verbose install     'lint-staged',
5 verbose install     'mocha',
5 verbose install     'ngrok',
5 verbose install     'null-loader',
5 verbose install     'offline-plugin',
5 verbose install     'plop',
5 verbose install     'pre-commit',
5 verbose install     'psi',
5 verbose install     'react-addons-test-utils',
5 verbose install     'rimraf',
5 verbose install     'shelljs',
5 verbose install     'sinon',
5 verbose install     'style-loader',
5 verbose install     'url-loader',
5 verbose install     'webpack',
5 verbose install     'webpack-dev-middleware',
5 verbose install     'webpack-hot-middleware' ] ]
6 verbose install where, peers [ '/Users/jankiewicz/projects/ankiewicz', [] ]
7 verbose installManyTop reading for lifecycle /Users/jankiewicz/projects/ankiewicz/package.json
8 info preinstall react-boilerplate@3.3.3
9 verbose unsafe-perm in lifecycle true
10 info react-boilerplate@3.3.3 Failed to exec preinstall script
11 verbose stack Error: react-boilerplate@3.3.3 preinstall: `npm run npmcheckversion`
11 verbose stack Exit status 1
11 verbose stack     at EventEmitter.<anonymous> (/usr/local/lib/node_modules/npm/lib/utils/lifecycle.js:217:16)
11 verbose stack     at emitTwo (events.js:106:13)
11 verbose stack     at EventEmitter.emit (events.js:191:7)
11 verbose stack     at ChildProcess.<anonymous> (/usr/local/lib/node_modules/npm/lib/utils/spawn.js:24:14)
11 verbose stack     at emitTwo (events.js:106:13)
11 verbose stack     at ChildProcess.emit (events.js:191:7)
11 verbose stack     at maybeClose (internal/child_process.js:852:16)
11 verbose stack     at Process.ChildProcess._handle.onexit (internal/child_process.js:215:5)
12 verbose pkgid react-boilerplate@3.3.3
13 verbose cwd /Users/jankiewicz/projects/ankiewicz
14 error Darwin 14.5.0
15 error argv "/usr/local/Cellar/node/6.3.0/bin/node" "/usr/local/bin/npm" "install"
16 error node v6.3.0
17 error npm  v2.15.8
18 error code ELIFECYCLE
19 error react-boilerplate@3.3.3 preinstall: `npm run npmcheckversion`
19 error Exit status 1
20 error Failed at the react-boilerplate@3.3.3 preinstall script 'npm run npmcheckversion'.
20 error This is most likely a problem with the react-boilerplate package,
20 error not with npm itself.
20 error Tell the author that this fails on your system:
20 error     npm run npmcheckversion
20 error You can get information on how to open an issue for this project with:
20 error     npm bugs react-boilerplate
20 error Or if that isn't available, you can get their info via:
20 error
20 error     npm owner ls react-boilerplate
20 error There is likely additional logging output above.
21 verbose exit [ 1, true ]
